<?xml version="1.0" encoding="UTF-8"?>
<testsuite name="com.example.demo.CucumberTestRunner" tests="9" skipped="0" failures="0" errors="0" timestamp="2025-12-04T10:13:45.747Z" hostname="Indias-Mac-mini.local" time="0.031">
  <properties/>
  <testcase name="Example #1.1" classname="com.example.demo.CucumberTestRunner" time="0.004"/>
  <testcase name="Example #1.2" classname="com.example.demo.CucumberTestRunner" time="0.003"/>
  <testcase name="Example #1.3" classname="com.example.demo.CucumberTestRunner" time="0.003"/>
  <testcase name="Example #1.4" classname="com.example.demo.CucumberTestRunner" time="0.003"/>
  <testcase name="Example #1.5" classname="com.example.demo.CucumberTestRunner" time="0.003"/>
  <testcase name="Example #1.6" classname="com.example.demo.CucumberTestRunner" time="0.003"/>
  <testcase name="Example #1.7" classname="com.example.demo.CucumberTestRunner" time="0.006"/>
  <testcase name="Example #1.8" classname="com.example.demo.CucumberTestRunner" time="0.003"/>
  <testcase name="Example #1.9" classname="com.example.demo.CucumberTestRunner" time="0.002"/>
  <system-out><![CDATA[15:43:45.748 INFO  [Test worker] o.s.t.c.s.AnnotationConfigContextLoaderUtils - Could not detect default configuration classes for test class [com.example.demo.stepdefs.CalculatorSteps]: CalculatorSteps does not declare any static, non-private, non-final, nested classes annotated with @Configuration.
15:43:45.748 INFO  [Test worker] o.s.b.t.c.SpringBootTestContextBootstrapper - Found @SpringBootConfiguration com.example.demo.DemoApplication for test class com.example.demo.stepdefs.CalculatorSteps

Scenario Outline: Add numbers with different combinations ?[90m# features/calculator.feature:12?[0m
15:43:45.751 INFO  [Test worker] c.e.demo.stepdefs.CalculatorSteps - Initializing calculator...
  ?[32mGiven ?[0m?[32mI have a calculator?[0m                               ?[90m# com.example.demo.stepdefs.CalculatorSteps.i_have_a_calculator()?[0m
15:43:45.751 INFO  [Test worker] c.e.demo.stepdefs.CalculatorSteps - Adding 5 and 7
  ?[32mWhen ?[0m?[32mI add ?[0m?[32m?[1m5?[0m?[32m and ?[0m?[32m?[1m7?[0m                                      ?[90m# com.example.demo.stepdefs.CalculatorSteps.i_add_numbers(int,int)?[0m
15:43:45.751 INFO  [Test worker] c.e.demo.stepdefs.CalculatorSteps - Checking expected result: 12
15:43:45.751 INFO  [Test worker] c.e.demo.stepdefs.CalculatorSteps - Test passed successfully!
  ?[32mThen ?[0m?[32mthe result should be ?[0m?[32m?[1m12?[0m                            ?[90m# com.example.demo.stepdefs.CalculatorSteps.the_result_should_be(int)?[0m
15:43:45.753 INFO  [Test worker] o.s.t.c.s.AnnotationConfigContextLoaderUtils - Could not detect default configuration classes for test class [com.example.demo.stepdefs.CalculatorSteps]: CalculatorSteps does not declare any static, non-private, non-final, nested classes annotated with @Configuration.
15:43:45.753 INFO  [Test worker] o.s.b.t.c.SpringBootTestContextBootstrapper - Found @SpringBootConfiguration com.example.demo.DemoApplication for test class com.example.demo.stepdefs.CalculatorSteps

Scenario Outline: Add numbers with different combinations ?[90m# features/calculator.feature:13?[0m
15:43:45.755 INFO  [Test worker] c.e.demo.stepdefs.CalculatorSteps - Initializing calculator...
  ?[32mGiven ?[0m?[32mI have a calculator?[0m                               ?[90m# com.example.demo.stepdefs.CalculatorSteps.i_have_a_calculator()?[0m
15:43:45.755 INFO  [Test worker] c.e.demo.stepdefs.CalculatorSteps - Adding 0 and 10
  ?[32mWhen ?[0m?[32mI add ?[0m?[32m?[1m0?[0m?[32m and ?[0m?[32m?[1m10?[0m                                     ?[90m# com.example.demo.stepdefs.CalculatorSteps.i_add_numbers(int,int)?[0m
15:43:45.755 INFO  [Test worker] c.e.demo.stepdefs.CalculatorSteps - Checking expected result: 10
15:43:45.755 INFO  [Test worker] c.e.demo.stepdefs.CalculatorSteps - Test passed successfully!
  ?[32mThen ?[0m?[32mthe result should be ?[0m?[32m?[1m10?[0m                            ?[90m# com.example.demo.stepdefs.CalculatorSteps.the_result_should_be(int)?[0m
15:43:45.756 INFO  [Test worker] o.s.t.c.s.AnnotationConfigContextLoaderUtils - Could not detect default configuration classes for test class [com.example.demo.stepdefs.CalculatorSteps]: CalculatorSteps does not declare any static, non-private, non-final, nested classes annotated with @Configuration.
15:43:45.756 INFO  [Test worker] o.s.b.t.c.SpringBootTestContextBootstrapper - Found @SpringBootConfiguration com.example.demo.DemoApplication for test class com.example.demo.stepdefs.CalculatorSteps

Scenario Outline: Add numbers with different combinations ?[90m# features/calculator.feature:14?[0m
15:43:45.758 INFO  [Test worker] c.e.demo.stepdefs.CalculatorSteps - Initializing calculator...
  ?[32mGiven ?[0m?[32mI have a calculator?[0m                               ?[90m# com.example.demo.stepdefs.CalculatorSteps.i_have_a_calculator()?[0m
15:43:45.758 INFO  [Test worker] c.e.demo.stepdefs.CalculatorSteps - Adding 0 and 0
  ?[32mWhen ?[0m?[32mI add ?[0m?[32m?[1m0?[0m?[32m and ?[0m?[32m?[1m0?[0m                                      ?[90m# com.example.demo.stepdefs.CalculatorSteps.i_add_numbers(int,int)?[0m
15:43:45.758 INFO  [Test worker] c.e.demo.stepdefs.CalculatorSteps - Checking expected result: 0
15:43:45.758 INFO  [Test worker] c.e.demo.stepdefs.CalculatorSteps - Test passed successfully!
  ?[32mThen ?[0m?[32mthe result should be ?[0m?[32m?[1m0?[0m                             ?[90m# com.example.demo.stepdefs.CalculatorSteps.the_result_should_be(int)?[0m
15:43:45.759 INFO  [Test worker] o.s.t.c.s.AnnotationConfigContextLoaderUtils - Could not detect default configuration classes for test class [com.example.demo.stepdefs.CalculatorSteps]: CalculatorSteps does not declare any static, non-private, non-final, nested classes annotated with @Configuration.
15:43:45.759 INFO  [Test worker] o.s.b.t.c.SpringBootTestContextBootstrapper - Found @SpringBootConfiguration com.example.demo.DemoApplication for test class com.example.demo.stepdefs.CalculatorSteps

Scenario Outline: Add numbers with different combinations ?[90m# features/calculator.feature:15?[0m
15:43:45.761 INFO  [Test worker] c.e.demo.stepdefs.CalculatorSteps - Initializing calculator...
  ?[32mGiven ?[0m?[32mI have a calculator?[0m                               ?[90m# com.example.demo.stepdefs.CalculatorSteps.i_have_a_calculator()?[0m
15:43:45.761 INFO  [Test worker] c.e.demo.stepdefs.CalculatorSteps - Adding -4 and -6
  ?[32mWhen ?[0m?[32mI add ?[0m?[32m?[1m-4?[0m?[32m and ?[0m?[32m?[1m-6?[0m                                    ?[90m# com.example.demo.stepdefs.CalculatorSteps.i_add_numbers(int,int)?[0m
15:43:45.761 INFO  [Test worker] c.e.demo.stepdefs.CalculatorSteps - Checking expected result: -10
15:43:45.761 INFO  [Test worker] c.e.demo.stepdefs.CalculatorSteps - Test passed successfully!
  ?[32mThen ?[0m?[32mthe result should be ?[0m?[32m?[1m-10?[0m                           ?[90m# com.example.demo.stepdefs.CalculatorSteps.the_result_should_be(int)?[0m
15:43:45.762 INFO  [Test worker] o.s.t.c.s.AnnotationConfigContextLoaderUtils - Could not detect default configuration classes for test class [com.example.demo.stepdefs.CalculatorSteps]: CalculatorSteps does not declare any static, non-private, non-final, nested classes annotated with @Configuration.
15:43:45.762 INFO  [Test worker] o.s.b.t.c.SpringBootTestContextBootstrapper - Found @SpringBootConfiguration com.example.demo.DemoApplication for test class com.example.demo.stepdefs.CalculatorSteps

Scenario Outline: Add numbers with different combinations ?[90m# features/calculator.feature:16?[0m
15:43:45.764 INFO  [Test worker] c.e.demo.stepdefs.CalculatorSteps - Initializing calculator...
  ?[32mGiven ?[0m?[32mI have a calculator?[0m                               ?[90m# com.example.demo.stepdefs.CalculatorSteps.i_have_a_calculator()?[0m
15:43:45.764 INFO  [Test worker] c.e.demo.stepdefs.CalculatorSteps - Adding 15 and -4
  ?[32mWhen ?[0m?[32mI add ?[0m?[32m?[1m15?[0m?[32m and ?[0m?[32m?[1m-4?[0m                                    ?[90m# com.example.demo.stepdefs.CalculatorSteps.i_add_numbers(int,int)?[0m
15:43:45.764 INFO  [Test worker] c.e.demo.stepdefs.CalculatorSteps - Checking expected result: 11
15:43:45.764 INFO  [Test worker] c.e.demo.stepdefs.CalculatorSteps - Test passed successfully!
  ?[32mThen ?[0m?[32mthe result should be ?[0m?[32m?[1m11?[0m                            ?[90m# com.example.demo.stepdefs.CalculatorSteps.the_result_should_be(int)?[0m
15:43:45.765 INFO  [Test worker] o.s.t.c.s.AnnotationConfigContextLoaderUtils - Could not detect default configuration classes for test class [com.example.demo.stepdefs.CalculatorSteps]: CalculatorSteps does not declare any static, non-private, non-final, nested classes annotated with @Configuration.
15:43:45.765 INFO  [Test worker] o.s.b.t.c.SpringBootTestContextBootstrapper - Found @SpringBootConfiguration com.example.demo.DemoApplication for test class com.example.demo.stepdefs.CalculatorSteps

Scenario Outline: Add numbers with different combinations ?[90m# features/calculator.feature:17?[0m
15:43:45.767 INFO  [Test worker] c.e.demo.stepdefs.CalculatorSteps - Initializing calculator...
  ?[32mGiven ?[0m?[32mI have a calculator?[0m                               ?[90m# com.example.demo.stepdefs.CalculatorSteps.i_have_a_calculator()?[0m
15:43:45.767 INFO  [Test worker] c.e.demo.stepdefs.CalculatorSteps - Adding 1 and 9999
  ?[32mWhen ?[0m?[32mI add ?[0m?[32m?[1m1?[0m?[32m and ?[0m?[32m?[1m9999?[0m                                   ?[90m# com.example.demo.stepdefs.CalculatorSteps.i_add_numbers(int,int)?[0m
15:43:45.767 INFO  [Test worker] c.e.demo.stepdefs.CalculatorSteps - Checking expected result: 10000
15:43:45.767 INFO  [Test worker] c.e.demo.stepdefs.CalculatorSteps - Test passed successfully!
  ?[32mThen ?[0m?[32mthe result should be ?[0m?[32m?[1m10000?[0m                         ?[90m# com.example.demo.stepdefs.CalculatorSteps.the_result_should_be(int)?[0m
15:43:45.768 INFO  [Test worker] o.s.t.c.s.AnnotationConfigContextLoaderUtils - Could not detect default configuration classes for test class [com.example.demo.stepdefs.CalculatorSteps]: CalculatorSteps does not declare any static, non-private, non-final, nested classes annotated with @Configuration.
15:43:45.769 INFO  [Test worker] o.s.b.t.c.SpringBootTestContextBootstrapper - Found @SpringBootConfiguration com.example.demo.DemoApplication for test class com.example.demo.stepdefs.CalculatorSteps

Scenario Outline: Add numbers with different combinations ?[90m# features/calculator.feature:18?[0m
15:43:45.772 INFO  [Test worker] c.e.demo.stepdefs.CalculatorSteps - Initializing calculator...
  ?[32mGiven ?[0m?[32mI have a calculator?[0m                               ?[90m# com.example.demo.stepdefs.CalculatorSteps.i_have_a_calculator()?[0m
15:43:45.772 INFO  [Test worker] c.e.demo.stepdefs.CalculatorSteps - Adding 10000 and 25000
  ?[32mWhen ?[0m?[32mI add ?[0m?[32m?[1m10000?[0m?[32m and ?[0m?[32m?[1m25000?[0m                              ?[90m# com.example.demo.stepdefs.CalculatorSteps.i_add_numbers(int,int)?[0m
15:43:45.773 INFO  [Test worker] c.e.demo.stepdefs.CalculatorSteps - Checking expected result: 35000
15:43:45.773 INFO  [Test worker] c.e.demo.stepdefs.CalculatorSteps - Test passed successfully!
  ?[32mThen ?[0m?[32mthe result should be ?[0m?[32m?[1m35000?[0m                         ?[90m# com.example.demo.stepdefs.CalculatorSteps.the_result_should_be(int)?[0m
15:43:45.774 INFO  [Test worker] o.s.t.c.s.AnnotationConfigContextLoaderUtils - Could not detect default configuration classes for test class [com.example.demo.stepdefs.CalculatorSteps]: CalculatorSteps does not declare any static, non-private, non-final, nested classes annotated with @Configuration.
15:43:45.774 INFO  [Test worker] o.s.b.t.c.SpringBootTestContextBootstrapper - Found @SpringBootConfiguration com.example.demo.DemoApplication for test class com.example.demo.stepdefs.CalculatorSteps

Scenario Outline: Add numbers with different combinations ?[90m# features/calculator.feature:19?[0m
15:43:45.775 INFO  [Test worker] c.e.demo.stepdefs.CalculatorSteps - Initializing calculator...
  ?[32mGiven ?[0m?[32mI have a calculator?[0m                               ?[90m# com.example.demo.stepdefs.CalculatorSteps.i_have_a_calculator()?[0m
15:43:45.776 INFO  [Test worker] c.e.demo.stepdefs.CalculatorSteps - Adding 3 and 3
  ?[32mWhen ?[0m?[32mI add ?[0m?[32m?[1m3?[0m?[32m and ?[0m?[32m?[1m3?[0m                                      ?[90m# com.example.demo.stepdefs.CalculatorSteps.i_add_numbers(int,int)?[0m
15:43:45.776 INFO  [Test worker] c.e.demo.stepdefs.CalculatorSteps - Checking expected result: 6
15:43:45.776 INFO  [Test worker] c.e.demo.stepdefs.CalculatorSteps - Test passed successfully!
  ?[32mThen ?[0m?[32mthe result should be ?[0m?[32m?[1m6?[0m                             ?[90m# com.example.demo.stepdefs.CalculatorSteps.the_result_should_be(int)?[0m
15:43:45.777 INFO  [Test worker] o.s.t.c.s.AnnotationConfigContextLoaderUtils - Could not detect default configuration classes for test class [com.example.demo.stepdefs.CalculatorSteps]: CalculatorSteps does not declare any static, non-private, non-final, nested classes annotated with @Configuration.
15:43:45.777 INFO  [Test worker] o.s.b.t.c.SpringBootTestContextBootstrapper - Found @SpringBootConfiguration com.example.demo.DemoApplication for test class com.example.demo.stepdefs.CalculatorSteps

Scenario Outline: Add numbers with different combinations ?[90m# features/calculator.feature:20?[0m
15:43:45.778 INFO  [Test worker] c.e.demo.stepdefs.CalculatorSteps - Initializing calculator...
  ?[32mGiven ?[0m?[32mI have a calculator?[0m                               ?[90m# com.example.demo.stepdefs.CalculatorSteps.i_have_a_calculator()?[0m
15:43:45.778 INFO  [Test worker] c.e.demo.stepdefs.CalculatorSteps - Adding -10 and 3
  ?[32mWhen ?[0m?[32mI add ?[0m?[32m?[1m-10?[0m?[32m and ?[0m?[32m?[1m3?[0m                                    ?[90m# com.example.demo.stepdefs.CalculatorSteps.i_add_numbers(int,int)?[0m
15:43:45.778 INFO  [Test worker] c.e.demo.stepdefs.CalculatorSteps - Checking expected result: -7
15:43:45.778 INFO  [Test worker] c.e.demo.stepdefs.CalculatorSteps - Test passed successfully!
  ?[32mThen ?[0m?[32mthe result should be ?[0m?[32m?[1m-7?[0m                            ?[90m# com.example.demo.stepdefs.CalculatorSteps.the_result_should_be(int)?[0m
]]></system-out>
  <system-err><![CDATA[]]></system-err>
</testsuite>
